


ARM Macro Assembler    Page 1 


    1 00000000         
    2 00000000                 IMPORT           print_str
    3 00000000                 IMPORT           systick_init
    4 00000000                 IMPORT           OSStartHighRdy_super
    5 00000000                 IMPORT           OSTimeDly
    6 00000000                 IMPORT           OSTaskCreate
    7 00000000         
    8 00000000                 EXPORT           SVC_Handler
    9 00000000                 EXPORT           syscall_print_str
   10 00000000                 EXPORT           syscall_systick_init
   11 00000000                 EXPORT           syscall_OSTimeDly
   12 00000000                 EXPORT           syscall_OSTaskCreate
   13 00000000                 EXPORT           ASM_Switch_To_Unprivileged
   14 00000000         
   15 00000000                 AREA             |.text|, CODE, READONLY, ALIGN=
2
   16 00000000                 THUMB
   17 00000000                 REQUIRE8
   18 00000000                 PRESERVE8
   19 00000000         
   20 00000000         ; @brief  This function handles SVCall exception.
   21 00000000         ; @param  None
   22 00000000         ; @retval None
   23 00000000         SVC_Handler
   24 00000000 F01E 0F04       TST              LR, #4
   25 00000004 BF0C F3EF 
              8208             MRSEQ            R2, MSP
   26 0000000A F3EF 8209       MRSNE            R2, PSP
   27 0000000E         ; r1 <- sp
   28 0000000E 6990            LDR              R0, [R2,#24]
   29 00000010         ;r0 <- instruction pointer
   30 00000010 F850 1C02       LDR              R1, [R0,#-2]
   31 00000014         ; r1 <- instruction
   32 00000014 F001 00FF       AND              R0, R1, #0xFF
   33 00000018         ; r0 <- index
   34 00000018 2801            CMP              R0, #0x01
   35 0000001A D008            BEQ              print_str_call
   36 0000001C 2802            CMP              R0, #0x02
   37 0000001E D00D            BEQ              systick_init_call
   38 00000020 2803            CMP              R0, #0x03
   39 00000022 D00F            BEQ              OSStartHighRdy_super_call
   40 00000024 2804            CMP              R0, #0x04
   41 00000026 D013            BEQ              OSTimeDly_call
   42 00000028 2805            CMP              R0, #0x05
   43 0000002A D01C            BEQ              OSTaskCreate_call
   44 0000002C 4770            BX               LR
   45 0000002E         print_str_call
   46 0000002E 6810            LDR              R0, [R2]
   47 00000030 B500            PUSH             {LR}
   48 00000032 F7FF FFFE       BL               print_str
   49 00000036 F85D EB04       POP              {LR}
   50 0000003A 4770            BX               LR
   51 0000003C         systick_init_call
   52 0000003C B500            PUSH             {LR}
   53 0000003E F7FF FFFE       BL               systick_init
   54 00000042 4770            BX               LR
   55 00000044         OSStartHighRdy_super_call
   56 00000044 B500            PUSH             {LR}
   57 00000046 F7FF FFFE       BL               OSStartHighRdy_super



ARM Macro Assembler    Page 2 


   58 0000004A F85D EB04       POP              {LR}
   59 0000004E 4770            BX               LR
   60 00000050         OSTimeDly_call
   61 00000050 6810            LDR              R0, [R2]
   62 00000052 F64F 71FF       MOV              R1, #0xFFFF
   63 00000056 EA00 0001       AND              R0, R1
   64 0000005A B500            PUSH             {LR}
   65 0000005C F7FF FFFE       BL               OSTimeDly
   66 00000060 F85D EB04       POP              {LR}
   67 00000064 4770            BX               LR
   68 00000066         OSTaskCreate_call
   69 00000066 4615            MOV              R5, R2
   70 00000068 6828            LDR              R0, [R5]
   71 0000006A 6869            LDR              R1, [R5,#4]
   72 0000006C 68AA            LDR              R2, [R5,#8]
   73 0000006E 68EB            LDR              R3, [R5,#12]
   74 00000070 B500            PUSH             {LR}
   75 00000072 F7FF FFFE       BL               OSTaskCreate
   76 00000076 F85D EB04       POP              {LR}
   77 0000007A 4770            BX               LR
   78 0000007C         
   79 0000007C         
   80 0000007C         ASM_Switch_To_Unprivileged
   81 0000007C F3EF 8014       MRS              R0, control
   82 00000080 F040 0001       ORR              R0, #1
   83 00000084 F380 8814       MSR              control, R0
   84 00000088 4770            BX               LR
   85 0000008A         
   86 0000008A         syscall_print_str
   87 0000008A DF01            SWI              0x01
   88 0000008C 4770            BX               LR
   89 0000008E         
   90 0000008E         syscall_systick_init
   91 0000008E DF02            SWI              0x02
   92 00000090 4770            BX               LR
   93 00000092         
   94 00000092         syscall_OSTimeDly
   95 00000092 DF04            SWI              0x04
   96 00000094 4770            BX               LR
   97 00000096         
   98 00000096         syscall_OSTaskCreate
   99 00000096 DF05            SWI              0x05
  100 00000098 4770            BX               LR
  101 0000009A         
  102 0000009A                 END
Command Line: --debug --xref --diag_suppress=9931 --cpu=Cortex-M3 --apcs=interw
ork --depend=.\output\user_asm.d -o.\output\user_asm.o -IF:\keli5\ARM\RV31\INC 
-IF:\keli5\ARM\CMSIS\Include -IF:\keli5\ARM\INC\ST\STM32F10x --predefine="__EVA
L SETA 1" --predefine="__MICROLIB SETA 1" --predefine="__UVISION_VERSION SETA 5
36" --list=.\list\user_asm.lst user_asm.s



ARM Macro Assembler    Page 1 Alphabetic symbol ordering
Relocatable symbols

.text 00000000

Symbol: .text
   Definitions
      At line 15 in file user_asm.s
   Uses
      None
Comment: .text unused
ASM_Switch_To_Unprivileged 0000007C

Symbol: ASM_Switch_To_Unprivileged
   Definitions
      At line 80 in file user_asm.s
   Uses
      At line 13 in file user_asm.s
Comment: ASM_Switch_To_Unprivileged used once
OSStartHighRdy_super_call 00000044

Symbol: OSStartHighRdy_super_call
   Definitions
      At line 55 in file user_asm.s
   Uses
      At line 39 in file user_asm.s
Comment: OSStartHighRdy_super_call used once
OSTaskCreate_call 00000066

Symbol: OSTaskCreate_call
   Definitions
      At line 68 in file user_asm.s
   Uses
      At line 43 in file user_asm.s
Comment: OSTaskCreate_call used once
OSTimeDly_call 00000050

Symbol: OSTimeDly_call
   Definitions
      At line 60 in file user_asm.s
   Uses
      At line 41 in file user_asm.s
Comment: OSTimeDly_call used once
SVC_Handler 00000000

Symbol: SVC_Handler
   Definitions
      At line 23 in file user_asm.s
   Uses
      At line 8 in file user_asm.s
Comment: SVC_Handler used once
print_str_call 0000002E

Symbol: print_str_call
   Definitions
      At line 45 in file user_asm.s
   Uses
      At line 35 in file user_asm.s
Comment: print_str_call used once
syscall_OSTaskCreate 00000096

Symbol: syscall_OSTaskCreate



ARM Macro Assembler    Page 2 Alphabetic symbol ordering
Relocatable symbols

   Definitions
      At line 98 in file user_asm.s
   Uses
      At line 12 in file user_asm.s
Comment: syscall_OSTaskCreate used once
syscall_OSTimeDly 00000092

Symbol: syscall_OSTimeDly
   Definitions
      At line 94 in file user_asm.s
   Uses
      At line 11 in file user_asm.s
Comment: syscall_OSTimeDly used once
syscall_print_str 0000008A

Symbol: syscall_print_str
   Definitions
      At line 86 in file user_asm.s
   Uses
      At line 9 in file user_asm.s
Comment: syscall_print_str used once
syscall_systick_init 0000008E

Symbol: syscall_systick_init
   Definitions
      At line 90 in file user_asm.s
   Uses
      At line 10 in file user_asm.s
Comment: syscall_systick_init used once
systick_init_call 0000003C

Symbol: systick_init_call
   Definitions
      At line 51 in file user_asm.s
   Uses
      At line 37 in file user_asm.s
Comment: systick_init_call used once
12 symbols



ARM Macro Assembler    Page 1 Alphabetic symbol ordering
External symbols

OSStartHighRdy_super 00000000

Symbol: OSStartHighRdy_super
   Definitions
      At line 4 in file user_asm.s
   Uses
      At line 57 in file user_asm.s
Comment: OSStartHighRdy_super used once
OSTaskCreate 00000000

Symbol: OSTaskCreate
   Definitions
      At line 6 in file user_asm.s
   Uses
      At line 75 in file user_asm.s
Comment: OSTaskCreate used once
OSTimeDly 00000000

Symbol: OSTimeDly
   Definitions
      At line 5 in file user_asm.s
   Uses
      At line 65 in file user_asm.s
Comment: OSTimeDly used once
print_str 00000000

Symbol: print_str
   Definitions
      At line 2 in file user_asm.s
   Uses
      At line 48 in file user_asm.s
Comment: print_str used once
systick_init 00000000

Symbol: systick_init
   Definitions
      At line 3 in file user_asm.s
   Uses
      At line 53 in file user_asm.s
Comment: systick_init used once
5 symbols
350 symbols in table
